DNN: 
0.1154544315
0.0206177764564
Linear: 
0.766359314838
0.00818557177112
L1:  
-0.113239704494
4689731.61858
L2: 
0.757969032363
0.0105482867661
RF: 
0.850217963588
0.00522672374659
GB: 
0.887109097315
0.00390490005597
SVR: 
0.37541749607
0.0157398047015
DNN: 
0.105912807885
0.0211197358331
Linear: 
0.760390352262
0.00843579550091
L1:  
0.0963655303729
4235192.32364
L2: 
0.752280183757
0.0110214561792
RF: 
0.842916409495
0.00518505968574
GB: 
0.889822640401
0.00384706275456
SVR: 
0.380587734427
0.0171779361681
DNN: 
0.106138989557
0.0216686092074
Linear: 
0.781968568545
0.00822670102951
L1:  
-0.015174416354
23275515.6318
L2: 
0.774313036973
0.0113109148818
RF: 
0.851747942677
0.00530074487316
GB: 
0.890621781768
0.00390522883823
SVR: 
0.330400241836
0.0178801825554
DNN: 
0.0705507085565
0.0208327844223
Linear: 
0.744838028902
0.00873835767748
L1:  
0.0648664110069
19682025.6471
L2: 
0.729046729798
0.0111895001518
RF: 
0.841474227233
0.00495284463627
GB: 
0.892645461591
0.00365972424567
SVR: 
0.382484957215
0.0165204376758
DNN: 
0.0790621572406
0.0217248099989
Linear: 
0.759815320953
0.00881345187221
L1:  
0.00478383274372
17756426.2977
L2: 
0.750982657125
0.0116045024122
RF: 
0.841697545149
0.00537249778418
GB: 
0.890186875683
0.00391337920089
SVR: 
0.373990494429
0.0170836053071
DNN: 
0.12943216173
0.0211657970325
Linear: 
0.766449114346
0.00840265775003
L1:  
0.0465269695536
6897829.19651
L2: 
0.751843028458
0.0109256335956
RF: 
0.837255736671
0.00550454115795
GB: 
0.888264959651
0.00384806749962
SVR: 
0.376536980123
0.0168266357788
DNN: 
0.0750347436224
0.0207893932986
Linear: 
0.744345453109
0.00883901368163
L1:  
-0.00838763485799
12336038.0503
L2: 
0.734922531788
0.0111620818691
RF: 
0.834071193416
0.00516433280794
GB: 
0.882329800613
0.00398841280248
SVR: 
0.356257268417
0.0166131008431
DNN: 
0.0994316744335
0.0210997580467
Linear: 
0.768313670966
0.00827705754872
L1:  
0.0968182688318
435353.933608
L2: 
0.759942149343
0.0108300691587
RF: 
0.846335018696
0.00522608624893
GB: 
0.891778949971
0.00371004964872
SVR: 
0.371521375246
0.0166251033467
DNN: 
0.112184466134
0.0222168567011
Linear: 
0.788210056299
0.008367232475
L1:  
0.0891849763686
1362547.39185
L2: 
0.788173534861
0.011319272654
RF: 
0.85837199363
0.0051295644399
GB: 
0.903094016714
0.00366801839337
SVR: 
0.390027838076
0.0181005604519
DNN: 
0.133819242956
0.0205942232369
Linear: 
0.77223854369
0.0079319338055
L1:  
-0.156239377685
5603058.61059
L2: 
0.762464179989
0.0105183777287
RF: 
0.847812124307
0.00516711705781
GB: 
0.898866959586
0.00356902076316
SVR: 
0.376756020463
0.0167667337167
